[  619960ms] [ERROR] Failed to load resource: net::ERR_INCOMPLETE_CHUNKED_ENCODING @ http://localhost:4098/global/event:0
[  619966ms] [ERROR] [global-sdk] event stream error {url: http://localhost:4098, fetch: webview, error: TypeError: network error} @ http://localhost:4098/assets/index-nF9P7yIz.js:1013
[  620256ms] [ERROR] Failed to load resource: net::ERR_CONNECTION_RESET @ http://localhost:4098/global/health:0
[  620359ms] [ERROR] Failed to load resource: net::ERR_CONNECTION_RESET @ http://localhost:4098/global/health:0
[  620565ms] [ERROR] Failed to load resource: net::ERR_CONNECTION_RESET @ http://localhost:4098/global/health:0
[  622976ms] [ERROR] Failed to load resource: net::ERR_CONNECTION_RESET @ http://localhost:4098/global/event:0
[ 1302789ms] [ERROR] Failed to load resource: net::ERR_INCOMPLETE_CHUNKED_ENCODING @ http://localhost:4098/global/event:0
[ 1302790ms] [ERROR] [global-sdk] event stream error {url: http://localhost:4098, fetch: webview, error: TypeError: network error} @ http://localhost:4098/assets/index-nF9P7yIz.js:1013
[ 1305796ms] [ERROR] Failed to load resource: net::ERR_CONNECTION_REFUSED @ http://localhost:4098/global/event:0
[ 1310250ms] [ERROR] Failed to load resource: net::ERR_CONNECTION_REFUSED @ http://localhost:4098/global/health:0
[ 1310352ms] [ERROR] Failed to load resource: net::ERR_CONNECTION_REFUSED @ http://localhost:4098/global/health:0
[ 1310553ms] [ERROR] Failed to load resource: net::ERR_CONNECTION_REFUSED @ http://localhost:4098/global/health:0
[ 1311798ms] [ERROR] Failed to load resource: net::ERR_CONNECTION_REFUSED @ http://localhost:4098/global/event:0
[ 1320250ms] [ERROR] Failed to load resource: net::ERR_CONNECTION_REFUSED @ http://localhost:4098/global/health:0
[ 1320352ms] [ERROR] Failed to load resource: net::ERR_CONNECTION_REFUSED @ http://localhost:4098/global/health:0
[ 1320554ms] [ERROR] Failed to load resource: net::ERR_CONNECTION_REFUSED @ http://localhost:4098/global/health:0
[ 1324050ms] [ERROR] Failed to load resource: net::ERR_CONNECTION_REFUSED @ http://localhost:4098/global/event:0
[ 1327052ms] [ERROR] Failed to load resource: net::ERR_CONNECTION_REFUSED @ http://localhost:4098/global/event:0
[ 1330250ms] [ERROR] Failed to load resource: net::ERR_CONNECTION_REFUSED @ http://localhost:4098/global/health:0
[ 1330352ms] [ERROR] Failed to load resource: net::ERR_CONNECTION_REFUSED @ http://localhost:4098/global/health:0
[ 1330553ms] [ERROR] Failed to load resource: net::ERR_CONNECTION_REFUSED @ http://localhost:4098/global/health:0
[ 1333054ms] [ERROR] Failed to load resource: net::ERR_CONNECTION_REFUSED @ http://localhost:4098/global/event:0
[ 1340251ms] [ERROR] Failed to load resource: net::ERR_CONNECTION_REFUSED @ http://localhost:4098/global/health:0
[ 1340353ms] [ERROR] Failed to load resource: net::ERR_CONNECTION_REFUSED @ http://localhost:4098/global/health:0
[ 1340555ms] [ERROR] Failed to load resource: net::ERR_CONNECTION_REFUSED @ http://localhost:4098/global/health:0
[ 1345307ms] [ERROR] Failed to load resource: net::ERR_CONNECTION_REFUSED @ http://localhost:4098/global/event:0
[ 1348309ms] [ERROR] Failed to load resource: net::ERR_CONNECTION_REFUSED @ http://localhost:4098/global/event:0
[ 1350250ms] [ERROR] Failed to load resource: net::ERR_CONNECTION_REFUSED @ http://localhost:4098/global/health:0
[ 1350352ms] [ERROR] Failed to load resource: net::ERR_CONNECTION_REFUSED @ http://localhost:4098/global/health:0
[ 1350554ms] [ERROR] Failed to load resource: net::ERR_CONNECTION_REFUSED @ http://localhost:4098/global/health:0
[ 1354311ms] [ERROR] Failed to load resource: net::ERR_CONNECTION_REFUSED @ http://localhost:4098/global/event:0
[ 1360250ms] [ERROR] Failed to load resource: net::ERR_CONNECTION_REFUSED @ http://localhost:4098/global/health:0
[ 1360352ms] [ERROR] Failed to load resource: net::ERR_CONNECTION_REFUSED @ http://localhost:4098/global/health:0
[ 1360554ms] [ERROR] Failed to load resource: net::ERR_CONNECTION_REFUSED @ http://localhost:4098/global/health:0
[ 1366563ms] [ERROR] Failed to load resource: net::ERR_CONNECTION_REFUSED @ http://localhost:4098/global/event:0
[ 1369565ms] [ERROR] Failed to load resource: net::ERR_CONNECTION_REFUSED @ http://localhost:4098/global/event:0
[ 1370251ms] [ERROR] Failed to load resource: net::ERR_CONNECTION_REFUSED @ http://localhost:4098/global/health:0
[ 1370353ms] [ERROR] Failed to load resource: net::ERR_CONNECTION_REFUSED @ http://localhost:4098/global/health:0
[ 1370555ms] [ERROR] Failed to load resource: net::ERR_CONNECTION_REFUSED @ http://localhost:4098/global/health:0
[ 1375567ms] [ERROR] Failed to load resource: net::ERR_CONNECTION_REFUSED @ http://localhost:4098/global/event:0
[ 1380251ms] [ERROR] Failed to load resource: net::ERR_CONNECTION_REFUSED @ http://localhost:4098/global/health:0
[ 1380354ms] [ERROR] Failed to load resource: net::ERR_CONNECTION_REFUSED @ http://localhost:4098/global/health:0
[ 1380556ms] [ERROR] Failed to load resource: net::ERR_CONNECTION_REFUSED @ http://localhost:4098/global/health:0
[ 1387819ms] [ERROR] Failed to load resource: net::ERR_CONNECTION_REFUSED @ http://localhost:4098/global/event:0
[ 1390250ms] [ERROR] Failed to load resource: net::ERR_CONNECTION_REFUSED @ http://localhost:4098/global/health:0
[ 1390352ms] [ERROR] Failed to load resource: net::ERR_CONNECTION_REFUSED @ http://localhost:4098/global/health:0
[ 1390554ms] [ERROR] Failed to load resource: net::ERR_CONNECTION_REFUSED @ http://localhost:4098/global/health:0
[ 1390821ms] [ERROR] Failed to load resource: net::ERR_CONNECTION_REFUSED @ http://localhost:4098/global/event:0
[ 1396823ms] [ERROR] Failed to load resource: net::ERR_CONNECTION_REFUSED @ http://localhost:4098/global/event:0
[ 1400254ms] [ERROR] Failed to load resource: net::ERR_CONNECTION_REFUSED @ http://localhost:4098/global/health:0
[ 1400355ms] [ERROR] Failed to load resource: net::ERR_CONNECTION_REFUSED @ http://localhost:4098/global/health:0
[ 1400557ms] [ERROR] Failed to load resource: net::ERR_CONNECTION_REFUSED @ http://localhost:4098/global/health:0
[ 1409076ms] [ERROR] Failed to load resource: net::ERR_CONNECTION_RESET @ http://localhost:4098/global/event:0
[ 1410251ms] [ERROR] Failed to load resource: net::ERR_CONNECTION_RESET @ http://localhost:4098/global/health:0
[ 1410357ms] [ERROR] Failed to load resource: net::ERR_CONNECTION_RESET @ http://localhost:4098/global/health:0
[ 1410560ms] [ERROR] Failed to load resource: net::ERR_CONNECTION_RESET @ http://localhost:4098/global/health:0
[ 1412079ms] [ERROR] Failed to load resource: net::ERR_CONNECTION_RESET @ http://localhost:4098/global/event:0
[ 1418081ms] [ERROR] Failed to load resource: net::ERR_CONNECTION_RESET @ http://localhost:4098/global/event:0
[ 1420251ms] [ERROR] Failed to load resource: net::ERR_CONNECTION_RESET @ http://localhost:4098/global/health:0
[ 1420353ms] [ERROR] Failed to load resource: net::ERR_CONNECTION_RESET @ http://localhost:4098/global/health:0
[ 1420555ms] [ERROR] Failed to load resource: net::ERR_CONNECTION_RESET @ http://localhost:4098/global/health:0
[ 1430250ms] [ERROR] Failed to load resource: net::ERR_CONNECTION_RESET @ http://localhost:4098/global/health:0
[ 1430333ms] [ERROR] Failed to load resource: net::ERR_CONNECTION_RESET @ http://localhost:4098/global/event:0
[ 1430352ms] [ERROR] Failed to load resource: net::ERR_CONNECTION_RESET @ http://localhost:4098/global/health:0
[ 1430555ms] [ERROR] Failed to load resource: net::ERR_CONNECTION_RESET @ http://localhost:4098/global/health:0
[ 1433335ms] [ERROR] Failed to load resource: net::ERR_CONNECTION_RESET @ http://localhost:4098/global/event:0
[ 1439337ms] [ERROR] Failed to load resource: net::ERR_CONNECTION_RESET @ http://localhost:4098/global/event:0
[ 1440250ms] [ERROR] Failed to load resource: net::ERR_CONNECTION_RESET @ http://localhost:4098/global/health:0
[ 1440353ms] [ERROR] Failed to load resource: net::ERR_CONNECTION_RESET @ http://localhost:4098/global/health:0
[ 1440555ms] [ERROR] Failed to load resource: net::ERR_CONNECTION_RESET @ http://localhost:4098/global/health:0
[ 1450251ms] [ERROR] Failed to load resource: net::ERR_CONNECTION_RESET @ http://localhost:4098/global/health:0
[ 1450352ms] [ERROR] Failed to load resource: net::ERR_CONNECTION_RESET @ http://localhost:4098/global/health:0
[ 1450554ms] [ERROR] Failed to load resource: net::ERR_CONNECTION_RESET @ http://localhost:4098/global/health:0
[ 1451590ms] [ERROR] Failed to load resource: net::ERR_CONNECTION_RESET @ http://localhost:4098/global/event:0
[ 1454592ms] [ERROR] Failed to load resource: net::ERR_CONNECTION_RESET @ http://localhost:4098/global/event:0
